fatal: GET con / - 19/4/2023
fatal: GET con /css/styles.css - 19/4/2023
fatal: GET con /favicon.ico - 19/4/2023
fatal: GET con / - 19/4/2023
fatal: GET con / - 19/4/2023
fatal: GET con /css/styles.css - 19/4/2023
fatal: GET con /favicon.ico - 19/4/2023
fatal: GET con /chat - 19/4/2023
fatal: GET con /css/styles.css - 19/4/2023
fatal: GET con /js/chat.js - 19/4/2023
fatal: GET con /api/session/current - 19/4/2023
fatal: GET con /favicon.ico - 19/4/2023
fatal: GET con /favicon.ico - 19/4/2023
fatal: GET con /user - 19/4/2023
fatal: GET con /css/styles.css - 19/4/2023
fatal: GET con /js/logout.js - 19/4/2023
fatal: GET con /favicon.ico - 19/4/2023
fatal: POST con /api/session/logout - 19/4/2023
fatal: GET con /login - 19/4/2023
fatal: GET con /css/styles.css - 19/4/2023
fatal: GET con /js/login.js - 19/4/2023
fatal: GET con /favicon.ico - 19/4/2023
fatal: POST con /api/session/login - 19/4/2023
fatal: POST con /api/session/login - 19/4/2023
fatal: POST con /api/session/login - 19/4/2023
fatal: POST con /api/session/login - 19/4/2023
fatal: GET con / - 19/4/2023
fatal: GET con /css/styles.css - 19/4/2023
fatal: GET con /favicon.ico - 19/4/2023
fatal: GET con /carts/643c7855a29e9fd21dd248b1 - 19/4/2023
fatal: GET con /carts/643c7855a29e9fd21dd248b1 - 19/4/2023
fatal: GET con /css/styles.css - 19/4/2023
fatal: GET con /favicon.ico - 19/4/2023
fatal: GET con / - 19/4/2023
fatal: GET con /css/styles.css - 19/4/2023
fatal: GET con /favicon.ico - 19/4/2023